<?xml version="1.0" encoding="UTF-8"?>
<testng-results ignored="0" total="1" passed="1" failed="0" skipped="0">
  <reporter-output>
  </reporter-output>
  <suite started-at="2018-08-07T23:49:33Z" name="Default suite" finished-at="2018-08-07T23:49:55Z" duration-ms="21767">
    <groups>
    </groups>
    <test started-at="2018-08-07T23:49:33Z" name="Default test" finished-at="2018-08-07T23:49:55Z" duration-ms="21767">
      <class name="packageOne.demoguru99">
        <test-method is-config="true" signature="navigategoogle()[pri:0, instance:packageOne.demoguru99@e4487af]" started-at="2018-08-07T23:49:33Z" name="navigategoogle" finished-at="2018-08-07T23:49:47Z" duration-ms="13864" status="PASS">
          <reporter-output>
          </reporter-output>
        </test-method> <!-- navigategoogle -->
        <test-method signature="navigateguru99()[pri:0, instance:packageOne.demoguru99@e4487af]" started-at="2018-08-07T23:49:47Z" name="navigateguru99" finished-at="2018-08-07T23:49:52Z" duration-ms="4998" status="PASS">
          <reporter-output>
          </reporter-output>
        </test-method> <!-- navigateguru99 -->
        <test-method is-config="true" signature="quit()[pri:0, instance:packageOne.demoguru99@e4487af]" started-at="2018-08-07T23:49:52Z" name="quit" finished-at="2018-08-07T23:49:55Z" duration-ms="2865" status="PASS">
          <reporter-output>
          </reporter-output>
        </test-method> <!-- quit -->
      </class> <!-- packageOne.demoguru99 -->
    </test> <!-- Default test -->
  </suite> <!-- Default suite -->
</testng-results>
